<?xml version="1.0" encoding="UTF-8"?>
<testng-results skipped="0" failed="0" ignored="0" total="1" passed="1">
  <reporter-output>
    <line>
      <![CDATA[The Sign In button NOT displayed as expected in the application]]>
    </line>
    <line>
      <![CDATA[The Forgot password hyperlink NOT displayed as expected in the application]]>
    </line>
    <line>
      <![CDATA[The dummy object NOT displayed as expected in the application]]>
    </line>
  </reporter-output>
  <suite name="Suite" duration-ms="88373" started-at="2019-06-18T04:12:35Z" finished-at="2019-06-18T04:14:04Z">
    <groups>
    </groups>
    <test name="Test" duration-ms="88373" started-at="2019-06-18T04:12:35Z" finished-at="2019-06-18T04:14:04Z">
      <class name="testCases.LoginTest">
        <test-method status="PASS" signature="setUp()[pri:0, instance:testCases.LoginTest@5702b3b1]" name="setUp" is-config="true" duration-ms="5902" started-at="2019-06-18T00:12:35Z" finished-at="2019-06-18T00:12:41Z">
          <reporter-output>
          </reporter-output>
        </test-method> <!-- setUp -->
        <test-method status="PASS" signature="chkLogin()[pri:0, instance:testCases.LoginTest@5702b3b1]" name="chkLogin" duration-ms="81423" started-at="2019-06-18T00:12:41Z" finished-at="2019-06-18T00:14:03Z">
          <reporter-output>
            <line>
              <![CDATA[The Sign In button NOT displayed as expected in the application]]>
            </line>
            <line>
              <![CDATA[The Forgot password hyperlink NOT displayed as expected in the application]]>
            </line>
            <line>
              <![CDATA[The dummy object NOT displayed as expected in the application]]>
            </line>
          </reporter-output>
        </test-method> <!-- chkLogin -->
        <test-method status="PASS" signature="testFunction()[pri:0, instance:testCases.LoginTest@5702b3b1]" name="testFunction" is-config="true" duration-ms="0" started-at="2019-06-18T00:14:03Z" finished-at="2019-06-18T00:14:03Z">
          <reporter-output>
          </reporter-output>
        </test-method> <!-- testFunction -->
        <test-method status="PASS" signature="tearDown()[pri:0, instance:testCases.LoginTest@5702b3b1]" name="tearDown" is-config="true" duration-ms="644" started-at="2019-06-18T00:14:03Z" finished-at="2019-06-18T00:14:03Z">
          <reporter-output>
          </reporter-output>
        </test-method> <!-- tearDown -->
        <test-method status="PASS" signature="endReport()[pri:0, instance:testCases.LoginTest@5702b3b1]" name="endReport" is-config="true" duration-ms="384" started-at="2019-06-18T00:14:03Z" finished-at="2019-06-18T00:14:04Z">
          <reporter-output>
          </reporter-output>
        </test-method> <!-- endReport -->
      </class> <!-- testCases.LoginTest -->
    </test> <!-- Test -->
  </suite> <!-- Suite -->
</testng-results>
